{"C:\\Users\\gcardenasm\\Documents\\AwesomeProject\\App.js": {"path":"C:\\Users\\gcardenasm\\Documents\\AwesomeProject\\App.js","statementMap":{"0":{"start":{"line":11,"column":50},"end":{"line":11,"column":65}},"1":{"start":{"line":13,"column":2},"end":{"line":28,"column":3}},"2":{"start":{"line":14,"column":4},"end":{"line":20,"column":6}},"3":{"start":{"line":18,"column":24},"end":{"line":18,"column":63}},"4":{"start":{"line":22,"column":4},"end":{"line":27,"column":6}},"5":{"start":{"line":32,"column":2},"end":{"line":44,"column":5}},"6":{"start":{"line":50,"column":2},"end":{"line":50,"column":22}},"7":{"start":{"line":54,"column":2},"end":{"line":54,"column":27}},"8":{"start":{"line":57,"column":15},"end":{"line":62,"column":2}}},"fnMap":{"0":{"name":"App","decl":{"start":{"line":10,"column":24},"end":{"line":10,"column":27}},"loc":{"start":{"line":10,"column":35},"end":{"line":29,"column":1}},"line":10},"1":{"name":"(anonymous_1)","decl":{"start":{"line":18,"column":18},"end":{"line":18,"column":19}},"loc":{"start":{"line":18,"column":24},"end":{"line":18,"column":63}},"line":18},"2":{"name":"loadResourcesAsync","decl":{"start":{"line":31,"column":15},"end":{"line":31,"column":33}},"loc":{"start":{"line":31,"column":36},"end":{"line":45,"column":1}},"line":31},"3":{"name":"handleLoadingError","decl":{"start":{"line":47,"column":9},"end":{"line":47,"column":27}},"loc":{"start":{"line":47,"column":35},"end":{"line":51,"column":1}},"line":47},"4":{"name":"handleFinishLoading","decl":{"start":{"line":53,"column":9},"end":{"line":53,"column":28}},"loc":{"start":{"line":53,"column":49},"end":{"line":55,"column":1}},"line":53}},"branchMap":{"0":{"loc":{"start":{"line":13,"column":2},"end":{"line":28,"column":3}},"type":"if","locations":[{"start":{"line":13,"column":2},"end":{"line":28,"column":3}},{"start":{"line":13,"column":2},"end":{"line":28,"column":3}}],"line":13},"1":{"loc":{"start":{"line":13,"column":6},"end":{"line":13,"column":52}},"type":"binary-expr","locations":[{"start":{"line":13,"column":6},"end":{"line":13,"column":24}},{"start":{"line":13,"column":28},"end":{"line":13,"column":52}}],"line":13},"2":{"loc":{"start":{"line":24,"column":9},"end":{"line":24,"column":66}},"type":"binary-expr","locations":[{"start":{"line":24,"column":9},"end":{"line":24,"column":30}},{"start":{"line":24,"column":34},"end":{"line":24,"column":66}}],"line":24}},"s":{"0":2,"1":2,"2":1,"3":0,"4":1,"5":0,"6":0,"7":0,"8":1},"f":{"0":2,"1":0,"2":0,"3":0,"4":0},"b":{"0":[1,1],"1":[2,2],"2":[1,1]},"_coverageSchema":"43e27e138ebf9cfc5966b082cf9a028302ed4184","hash":"5e234d61fb3af95cd889b19b1a021835a8db8542"}
,"C:\\Users\\gcardenasm\\Documents\\AwesomeProject\\components\\StyledText.js": {"path":"C:\\Users\\gcardenasm\\Documents\\AwesomeProject\\components\\StyledText.js","statementMap":{"0":{"start":{"line":5,"column":2},"end":{"line":7,"column":4}}},"fnMap":{"0":{"name":"MonoText","decl":{"start":{"line":4,"column":16},"end":{"line":4,"column":24}},"loc":{"start":{"line":4,"column":32},"end":{"line":8,"column":1}},"line":4}},"branchMap":{},"s":{"0":1},"f":{"0":1},"b":{},"_coverageSchema":"43e27e138ebf9cfc5966b082cf9a028302ed4184","hash":"2b62f78cb83d83d3c51fe0734f1e2b2905fd3c05"}
,"C:\\Users\\gcardenasm\\Documents\\AwesomeProject\\components\\TabBarIcon.js": {"path":"C:\\Users\\gcardenasm\\Documents\\AwesomeProject\\components\\TabBarIcon.js","statementMap":{"0":{"start":{"line":7,"column":2},"end":{"line":14,"column":4}}},"fnMap":{"0":{"name":"TabBarIcon","decl":{"start":{"line":6,"column":24},"end":{"line":6,"column":34}},"loc":{"start":{"line":6,"column":42},"end":{"line":15,"column":1}},"line":6}},"branchMap":{"0":{"loc":{"start":{"line":12,"column":13},"end":{"line":12,"column":75}},"type":"cond-expr","locations":[{"start":{"line":12,"column":29},"end":{"line":12,"column":51}},{"start":{"line":12,"column":54},"end":{"line":12,"column":75}}],"line":12}},"s":{"0":0},"f":{"0":0},"b":{"0":[0,0]},"hash":"abee89a811c4e97ac9d1ee2f9d4d3c8d0df296d7"}
,"C:\\Users\\gcardenasm\\Documents\\AwesomeProject\\components\\InputField\\InputField.js": {"path":"C:\\Users\\gcardenasm\\Documents\\AwesomeProject\\components\\InputField\\InputField.js","statementMap":{"0":{"start":{"line":5,"column":2},"end":{"line":15,"column":4}},"1":{"start":{"line":9,"column":30},"end":{"line":9,"column":50}},"2":{"start":{"line":18,"column":15},"end":{"line":32,"column":2}}},"fnMap":{"0":{"name":"(anonymous_0)","decl":{"start":{"line":4,"column":28},"end":{"line":4,"column":29}},"loc":{"start":{"line":4,"column":37},"end":{"line":16,"column":1}},"line":4},"1":{"name":"(anonymous_1)","decl":{"start":{"line":9,"column":22},"end":{"line":9,"column":23}},"loc":{"start":{"line":9,"column":30},"end":{"line":9,"column":50}},"line":9}},"branchMap":{},"s":{"0":2,"1":0,"2":2},"f":{"0":2,"1":0},"b":{},"_coverageSchema":"43e27e138ebf9cfc5966b082cf9a028302ed4184","hash":"19bebb5369d4f050ee1e9372b6f6b0e59310303c"}
,"C:\\Users\\gcardenasm\\Documents\\AwesomeProject\\constants\\Colors.js": {"path":"C:\\Users\\gcardenasm\\Documents\\AwesomeProject\\constants\\Colors.js","statementMap":{"0":{"start":{"line":1,"column":18},"end":{"line":1,"column":27}}},"fnMap":{},"branchMap":{},"s":{"0":0},"f":{},"b":{},"hash":"21d14945de421e67318926612f3fafeaf5e8264f"}
,"C:\\Users\\gcardenasm\\Documents\\AwesomeProject\\constants\\Layout.js": {"path":"C:\\Users\\gcardenasm\\Documents\\AwesomeProject\\constants\\Layout.js","statementMap":{"0":{"start":{"line":3,"column":14},"end":{"line":3,"column":44}},"1":{"start":{"line":4,"column":15},"end":{"line":4,"column":46}}},"fnMap":{},"branchMap":{},"s":{"0":0,"1":0},"f":{},"b":{},"hash":"580cce87363ae723fe663d3e5cf0abb247fb6ef9"}
,"C:\\Users\\gcardenasm\\Documents\\AwesomeProject\\navigation\\AppNavigator.js": {"path":"C:\\Users\\gcardenasm\\Documents\\AwesomeProject\\navigation\\AppNavigator.js","statementMap":{},"fnMap":{},"branchMap":{},"s":{},"f":{},"b":{},"hash":"f68e9713430155b807f7a259338237007d379de1"}
,"C:\\Users\\gcardenasm\\Documents\\AwesomeProject\\navigation\\AppNavigator.web.js": {"path":"C:\\Users\\gcardenasm\\Documents\\AwesomeProject\\navigation\\AppNavigator.web.js","statementMap":{"0":{"start":{"line":6,"column":24},"end":{"line":10,"column":2}},"1":{"start":{"line":11,"column":0},"end":{"line":11,"column":26}}},"fnMap":{},"branchMap":{},"s":{"0":0,"1":0},"f":{},"b":{},"hash":"7c75d5c84371727899f2318f04c70fbfd1af953d"}
,"C:\\Users\\gcardenasm\\Documents\\AwesomeProject\\navigation\\MainTabNavigator.js": {"path":"C:\\Users\\gcardenasm\\Documents\\AwesomeProject\\navigation\\MainTabNavigator.js","statementMap":{"0":{"start":{"line":14,"column":15},"end":{"line":17,"column":2}},"1":{"start":{"line":19,"column":18},"end":{"line":25,"column":1}},"2":{"start":{"line":27,"column":0},"end":{"line":39,"column":2}},"3":{"start":{"line":30,"column":4},"end":{"line":37,"column":6}},"4":{"start":{"line":41,"column":0},"end":{"line":41,"column":20}},"5":{"start":{"line":43,"column":19},"end":{"line":48,"column":1}},"6":{"start":{"line":50,"column":0},"end":{"line":58,"column":2}},"7":{"start":{"line":53,"column":4},"end":{"line":56,"column":6}},"8":{"start":{"line":60,"column":0},"end":{"line":60,"column":21}},"9":{"start":{"line":62,"column":22},"end":{"line":67,"column":1}},"10":{"start":{"line":69,"column":0},"end":{"line":77,"column":2}},"11":{"start":{"line":72,"column":4},"end":{"line":75,"column":6}},"12":{"start":{"line":79,"column":0},"end":{"line":79,"column":24}},"13":{"start":{"line":81,"column":21},"end":{"line":85,"column":2}},"14":{"start":{"line":87,"column":0},"end":{"line":87,"column":23}}},"fnMap":{"0":{"name":"(anonymous_0)","decl":{"start":{"line":29,"column":14},"end":{"line":29,"column":15}},"loc":{"start":{"line":30,"column":4},"end":{"line":37,"column":6}},"line":30},"1":{"name":"(anonymous_1)","decl":{"start":{"line":52,"column":14},"end":{"line":52,"column":15}},"loc":{"start":{"line":53,"column":4},"end":{"line":56,"column":6}},"line":53},"2":{"name":"(anonymous_2)","decl":{"start":{"line":71,"column":14},"end":{"line":71,"column":15}},"loc":{"start":{"line":72,"column":4},"end":{"line":75,"column":6}},"line":72}},"branchMap":{"0":{"loc":{"start":{"line":33,"column":8},"end":{"line":35,"column":35}},"type":"cond-expr","locations":[{"start":{"line":34,"column":12},"end":{"line":34,"column":64}},{"start":{"line":35,"column":12},"end":{"line":35,"column":35}}],"line":33},"1":{"loc":{"start":{"line":34,"column":37},"end":{"line":34,"column":62}},"type":"cond-expr","locations":[{"start":{"line":34,"column":47},"end":{"line":34,"column":49}},{"start":{"line":34,"column":52},"end":{"line":34,"column":62}}],"line":34},"2":{"loc":{"start":{"line":55,"column":12},"end":{"line":55,"column":58}},"type":"cond-expr","locations":[{"start":{"line":55,"column":36},"end":{"line":55,"column":46}},{"start":{"line":55,"column":49},"end":{"line":55,"column":58}}],"line":55},"3":{"loc":{"start":{"line":74,"column":12},"end":{"line":74,"column":64}},"type":"cond-expr","locations":[{"start":{"line":74,"column":36},"end":{"line":74,"column":49}},{"start":{"line":74,"column":52},"end":{"line":74,"column":64}}],"line":74}},"s":{"0":0,"1":0,"2":0,"3":0,"4":0,"5":0,"6":0,"7":0,"8":0,"9":0,"10":0,"11":0,"12":0,"13":0,"14":0},"f":{"0":0,"1":0,"2":0},"b":{"0":[0,0],"1":[0,0],"2":[0,0],"3":[0,0]},"hash":"1e1441e5579fd1d6a4fb08571fc3ff4e64475091"}
,"C:\\Users\\gcardenasm\\Documents\\AwesomeProject\\screens\\HomeScreen.js": {"path":"C:\\Users\\gcardenasm\\Documents\\AwesomeProject\\screens\\HomeScreen.js","statementMap":{"0":{"start":{"line":17,"column":23},"end":{"line":17,"column":39}},"1":{"start":{"line":18,"column":2},"end":{"line":56,"column":4}},"2":{"start":{"line":45,"column":27},"end":{"line":45,"column":51}},"3":{"start":{"line":59,"column":0},"end":{"line":61,"column":2}},"4":{"start":{"line":64,"column":2},"end":{"line":83,"column":3}},"5":{"start":{"line":66,"column":6},"end":{"line":68,"column":13}},"6":{"start":{"line":71,"column":4},"end":{"line":76,"column":6}},"7":{"start":{"line":78,"column":4},"end":{"line":82,"column":6}},"8":{"start":{"line":87,"column":2},"end":{"line":89,"column":4}},"9":{"start":{"line":92,"column":15},"end":{"line":171,"column":2}}},"fnMap":{"0":{"name":"HomeScreen","decl":{"start":{"line":16,"column":24},"end":{"line":16,"column":34}},"loc":{"start":{"line":16,"column":42},"end":{"line":57,"column":1}},"line":16},"1":{"name":"(anonymous_1)","decl":{"start":{"line":45,"column":21},"end":{"line":45,"column":22}},"loc":{"start":{"line":45,"column":27},"end":{"line":45,"column":51}},"line":45},"2":{"name":"DevelopmentModeNotice","decl":{"start":{"line":63,"column":9},"end":{"line":63,"column":30}},"loc":{"start":{"line":63,"column":33},"end":{"line":84,"column":1}},"line":63},"3":{"name":"handleLearnMorePress","decl":{"start":{"line":86,"column":9},"end":{"line":86,"column":29}},"loc":{"start":{"line":86,"column":32},"end":{"line":90,"column":1}},"line":86}},"branchMap":{"0":{"loc":{"start":{"line":27,"column":14},"end":{"line":29,"column":60}},"type":"cond-expr","locations":[{"start":{"line":28,"column":18},"end":{"line":28,"column":59}},{"start":{"line":29,"column":18},"end":{"line":29,"column":60}}],"line":27},"1":{"loc":{"start":{"line":64,"column":2},"end":{"line":83,"column":3}},"type":"if","locations":[{"start":{"line":64,"column":2},"end":{"line":83,"column":3}},{"start":{"line":64,"column":2},"end":{"line":83,"column":3}}],"line":64}},"s":{"0":0,"1":0,"2":0,"3":0,"4":0,"5":0,"6":0,"7":0,"8":0,"9":0},"f":{"0":0,"1":0,"2":0,"3":0},"b":{"0":[0,0],"1":[0,0]},"hash":"8b01bc2ccc927178802380ec08c3bd56b6683df8"}
,"C:\\Users\\gcardenasm\\Documents\\AwesomeProject\\screens\\LinksScreen.js": {"path":"C:\\Users\\gcardenasm\\Documents\\AwesomeProject\\screens\\LinksScreen.js","statementMap":{"0":{"start":{"line":6,"column":2},"end":{"line":14,"column":4}},"1":{"start":{"line":17,"column":0},"end":{"line":19,"column":2}},"2":{"start":{"line":21,"column":15},"end":{"line":27,"column":2}}},"fnMap":{"0":{"name":"LinksScreen","decl":{"start":{"line":5,"column":24},"end":{"line":5,"column":35}},"loc":{"start":{"line":5,"column":38},"end":{"line":15,"column":1}},"line":5}},"branchMap":{},"s":{"0":0,"1":0,"2":0},"f":{"0":0},"b":{},"hash":"748716a944f5f895e6004ac89d1592209efa2593"}
,"C:\\Users\\gcardenasm\\Documents\\AwesomeProject\\screens\\RegisterForm.js": {"path":"C:\\Users\\gcardenasm\\Documents\\AwesomeProject\\screens\\RegisterForm.js","statementMap":{"0":{"start":{"line":15,"column":10},"end":{"line":21,"column":3}},"1":{"start":{"line":23,"column":17},"end":{"line":25,"column":3}},"2":{"start":{"line":24,"column":4},"end":{"line":24,"column":34}},"3":{"start":{"line":26,"column":22},"end":{"line":28,"column":3}},"4":{"start":{"line":27,"column":4},"end":{"line":27,"column":39}},"5":{"start":{"line":29,"column":25},"end":{"line":31,"column":3}},"6":{"start":{"line":30,"column":4},"end":{"line":30,"column":42}},"7":{"start":{"line":32,"column":19},"end":{"line":34,"column":3}},"8":{"start":{"line":33,"column":4},"end":{"line":33,"column":36}},"9":{"start":{"line":35,"column":21},"end":{"line":37,"column":3}},"10":{"start":{"line":36,"column":4},"end":{"line":36,"column":38}},"11":{"start":{"line":40,"column":4},"end":{"line":80,"column":6}},"12":{"start":{"line":49,"column":16},"end":{"line":49,"column":52}},"13":{"start":{"line":72,"column":27},"end":{"line":72,"column":49}},"14":{"start":{"line":84,"column":0},"end":{"line":86,"column":2}},"15":{"start":{"line":88,"column":15},"end":{"line":127,"column":2}}},"fnMap":{"0":{"name":"(anonymous_0)","decl":{"start":{"line":23,"column":17},"end":{"line":23,"column":18}},"loc":{"start":{"line":23,"column":25},"end":{"line":25,"column":3}},"line":23},"1":{"name":"(anonymous_1)","decl":{"start":{"line":26,"column":22},"end":{"line":26,"column":23}},"loc":{"start":{"line":26,"column":30},"end":{"line":28,"column":3}},"line":26},"2":{"name":"(anonymous_2)","decl":{"start":{"line":29,"column":25},"end":{"line":29,"column":26}},"loc":{"start":{"line":29,"column":33},"end":{"line":31,"column":3}},"line":29},"3":{"name":"(anonymous_3)","decl":{"start":{"line":32,"column":19},"end":{"line":32,"column":20}},"loc":{"start":{"line":32,"column":27},"end":{"line":34,"column":3}},"line":32},"4":{"name":"(anonymous_4)","decl":{"start":{"line":35,"column":21},"end":{"line":35,"column":22}},"loc":{"start":{"line":35,"column":29},"end":{"line":37,"column":3}},"line":35},"5":{"name":"(anonymous_5)","decl":{"start":{"line":39,"column":2},"end":{"line":39,"column":3}},"loc":{"start":{"line":39,"column":11},"end":{"line":81,"column":3}},"line":39},"6":{"name":"(anonymous_6)","decl":{"start":{"line":48,"column":29},"end":{"line":48,"column":30}},"loc":{"start":{"line":49,"column":16},"end":{"line":49,"column":52}},"line":49},"7":{"name":"(anonymous_7)","decl":{"start":{"line":72,"column":21},"end":{"line":72,"column":22}},"loc":{"start":{"line":72,"column":27},"end":{"line":72,"column":49}},"line":72}},"branchMap":{},"s":{"0":0,"1":0,"2":0,"3":0,"4":0,"5":0,"6":0,"7":0,"8":0,"9":0,"10":0,"11":0,"12":0,"13":0,"14":0,"15":0},"f":{"0":0,"1":0,"2":0,"3":0,"4":0,"5":0,"6":0,"7":0},"b":{},"hash":"dae21f6172f3b7c34711e4ad91bd7023c998d221"}
,"C:\\Users\\gcardenasm\\Documents\\AwesomeProject\\screens\\SettingsScreen.js": {"path":"C:\\Users\\gcardenasm\\Documents\\AwesomeProject\\screens\\SettingsScreen.js","statementMap":{"0":{"start":{"line":9,"column":2},"end":{"line":9,"column":28}},"1":{"start":{"line":12,"column":0},"end":{"line":14,"column":2}}},"fnMap":{"0":{"name":"SettingsScreen","decl":{"start":{"line":4,"column":24},"end":{"line":4,"column":38}},"loc":{"start":{"line":4,"column":41},"end":{"line":10,"column":1}},"line":4}},"branchMap":{},"s":{"0":0,"1":0},"f":{"0":0},"b":{},"hash":"8ed655899dba2f57691af887fd447b5246087f36"}
}
