TN:
SF:C:\Users\gcardenasm\Documents\AwesomeProject\App.js
FN:10,App
FN:18,(anonymous_1)
FN:31,loadResourcesAsync
FN:47,handleLoadingError
FN:53,handleFinishLoading
FNF:5
FNH:1
FNDA:2,App
FNDA:0,(anonymous_1)
FNDA:0,loadResourcesAsync
FNDA:0,handleLoadingError
FNDA:0,handleFinishLoading
DA:11,2
DA:13,2
DA:14,1
DA:18,0
DA:22,1
DA:32,0
DA:50,0
DA:54,0
DA:57,1
LF:9
LH:5
BRDA:13,0,0,1
BRDA:13,0,1,1
BRDA:13,1,0,2
BRDA:13,1,1,2
BRDA:24,2,0,1
BRDA:24,2,1,1
BRF:6
BRH:6
end_of_record
TN:
SF:C:\Users\gcardenasm\Documents\AwesomeProject\components\StyledText.js
FN:4,MonoText
FNF:1
FNH:1
FNDA:1,MonoText
DA:5,1
LF:1
LH:1
BRF:0
BRH:0
end_of_record
TN:
SF:C:\Users\gcardenasm\Documents\AwesomeProject\components\TabBarIcon.js
FN:6,TabBarIcon
FNF:1
FNH:0
FNDA:0,TabBarIcon
DA:7,0
LF:1
LH:0
BRDA:12,0,0,0
BRDA:12,0,1,0
BRF:2
BRH:0
end_of_record
TN:
SF:C:\Users\gcardenasm\Documents\AwesomeProject\components\InputField\InputField.js
FN:4,(anonymous_0)
FN:9,(anonymous_1)
FNF:2
FNH:1
FNDA:2,(anonymous_0)
FNDA:0,(anonymous_1)
DA:5,2
DA:9,0
DA:18,2
LF:3
LH:2
BRF:0
BRH:0
end_of_record
TN:
SF:C:\Users\gcardenasm\Documents\AwesomeProject\constants\Colors.js
FNF:0
FNH:0
DA:1,0
LF:1
LH:0
BRF:0
BRH:0
end_of_record
TN:
SF:C:\Users\gcardenasm\Documents\AwesomeProject\constants\Layout.js
FNF:0
FNH:0
DA:3,0
DA:4,0
LF:2
LH:0
BRF:0
BRH:0
end_of_record
TN:
SF:C:\Users\gcardenasm\Documents\AwesomeProject\navigation\AppNavigator.js
FNF:0
FNH:0
LF:0
LH:0
BRF:0
BRH:0
end_of_record
TN:
SF:C:\Users\gcardenasm\Documents\AwesomeProject\navigation\AppNavigator.web.js
FNF:0
FNH:0
DA:6,0
DA:11,0
LF:2
LH:0
BRF:0
BRH:0
end_of_record
TN:
SF:C:\Users\gcardenasm\Documents\AwesomeProject\navigation\MainTabNavigator.js
FN:29,(anonymous_0)
FN:52,(anonymous_1)
FN:71,(anonymous_2)
FNF:3
FNH:0
FNDA:0,(anonymous_0)
FNDA:0,(anonymous_1)
FNDA:0,(anonymous_2)
DA:14,0
DA:19,0
DA:27,0
DA:30,0
DA:41,0
DA:43,0
DA:50,0
DA:53,0
DA:60,0
DA:62,0
DA:69,0
DA:72,0
DA:79,0
DA:81,0
DA:87,0
LF:15
LH:0
BRDA:33,0,0,0
BRDA:33,0,1,0
BRDA:34,1,0,0
BRDA:34,1,1,0
BRDA:55,2,0,0
BRDA:55,2,1,0
BRDA:74,3,0,0
BRDA:74,3,1,0
BRF:8
BRH:0
end_of_record
TN:
SF:C:\Users\gcardenasm\Documents\AwesomeProject\screens\HomeScreen.js
FN:16,HomeScreen
FN:45,(anonymous_1)
FN:63,DevelopmentModeNotice
FN:86,handleLearnMorePress
FNF:4
FNH:0
FNDA:0,HomeScreen
FNDA:0,(anonymous_1)
FNDA:0,DevelopmentModeNotice
FNDA:0,handleLearnMorePress
DA:17,0
DA:18,0
DA:45,0
DA:59,0
DA:64,0
DA:66,0
DA:71,0
DA:78,0
DA:87,0
DA:92,0
LF:10
LH:0
BRDA:27,0,0,0
BRDA:27,0,1,0
BRDA:64,1,0,0
BRDA:64,1,1,0
BRF:4
BRH:0
end_of_record
TN:
SF:C:\Users\gcardenasm\Documents\AwesomeProject\screens\LinksScreen.js
FN:5,LinksScreen
FNF:1
FNH:0
FNDA:0,LinksScreen
DA:6,0
DA:17,0
DA:21,0
LF:3
LH:0
BRF:0
BRH:0
end_of_record
TN:
SF:C:\Users\gcardenasm\Documents\AwesomeProject\screens\RegisterForm.js
FN:23,(anonymous_0)
FN:26,(anonymous_1)
FN:29,(anonymous_2)
FN:32,(anonymous_3)
FN:35,(anonymous_4)
FN:39,(anonymous_5)
FN:48,(anonymous_6)
FN:72,(anonymous_7)
FNF:8
FNH:0
FNDA:0,(anonymous_0)
FNDA:0,(anonymous_1)
FNDA:0,(anonymous_2)
FNDA:0,(anonymous_3)
FNDA:0,(anonymous_4)
FNDA:0,(anonymous_5)
FNDA:0,(anonymous_6)
FNDA:0,(anonymous_7)
DA:15,0
DA:23,0
DA:24,0
DA:26,0
DA:27,0
DA:29,0
DA:30,0
DA:32,0
DA:33,0
DA:35,0
DA:36,0
DA:40,0
DA:49,0
DA:72,0
DA:84,0
DA:88,0
LF:16
LH:0
BRF:0
BRH:0
end_of_record
TN:
SF:C:\Users\gcardenasm\Documents\AwesomeProject\screens\SettingsScreen.js
FN:4,SettingsScreen
FNF:1
FNH:0
FNDA:0,SettingsScreen
DA:9,0
DA:12,0
LF:2
LH:0
BRF:0
BRH:0
end_of_record
